2021-11-24 17:18:14,223 INFO  [org.jboss.modules] (main) JBoss Modules version 1.11.0.Final
2021-11-24 17:18:14,726 INFO  [org.jboss.msc] (main) JBoss MSC version 1.4.12.Final
2021-11-24 17:18:14,738 INFO  [org.jboss.threads] (main) JBoss Threads version 2.4.0.Final
2021-11-24 17:18:14,862 INFO  [org.jboss.as] (MSC service thread 1-1) WFLYSRV0049: Keycloak 15.0.2 (WildFly Core 15.0.1.Final) starting
2021-11-24 17:18:14,865 DEBUG [org.jboss.as.config] (MSC service thread 1-1) Configured system properties:
	[Standalone] = 
	awt.toolkit = sun.awt.X11.XToolkit
	file.encoding = UTF-8
	file.separator = /
	java.awt.graphicsenv = sun.awt.X11GraphicsEnvironment
	java.awt.headless = true
	java.awt.printerjob = sun.print.PSPrinterJob
	java.class.path = /home/amiloeel/postfuck/rhsso-keyclock/keycloak-15.0.2/jboss-modules.jar
	java.class.version = 55.0
	java.home = /usr/lib/jvm/java-11-openjdk-11.0.13.0.8-2.fc35.x86_64
	java.io.tmpdir = /tmp
	java.library.path = /usr/java/packages/lib:/usr/lib64:/lib64:/lib:/usr/lib
	java.net.preferIPv4Stack = true
	java.runtime.name = OpenJDK Runtime Environment
	java.runtime.version = 11.0.13+8
	java.specification.name = Java Platform API Specification
	java.specification.vendor = Oracle Corporation
	java.specification.version = 11
	java.util.logging.manager = org.jboss.logmanager.LogManager
	java.vendor = Red Hat, Inc.
	java.vendor.url = https://www.redhat.com/
	java.vendor.url.bug = https://bugzilla.redhat.com/enter_bug.cgi?product=Fedora&component=java-11-openjdk&version=35
	java.vendor.version = 18.9
	java.version = 11.0.13
	java.version.date = 2021-10-19
	java.vm.compressedOopsMode = 32-bit
	java.vm.info = mixed mode, sharing
	java.vm.name = OpenJDK 64-Bit Server VM
	java.vm.specification.name = Java Virtual Machine Specification
	java.vm.specification.vendor = Oracle Corporation
	java.vm.specification.version = 11
	java.vm.vendor = Red Hat, Inc.
	java.vm.version = 11.0.13+8
	javax.management.builder.initial = org.jboss.as.jmx.PluggableMBeanServerBuilder
	jboss.home.dir = /home/amiloeel/postfuck/rhsso-keyclock/keycloak-15.0.2
	jboss.host.name = fedora
	jboss.modules.dir = /home/amiloeel/postfuck/rhsso-keyclock/keycloak-15.0.2/modules
	jboss.modules.system.pkgs = org.jboss.byteman
	jboss.node.name = fedora
	jboss.qualified.host.name = fedora
	jboss.server.base.dir = /home/amiloeel/postfuck/rhsso-keyclock/keycloak-15.0.2/standalone
	jboss.server.config.dir = /home/amiloeel/postfuck/rhsso-keyclock/keycloak-15.0.2/standalone/configuration
	jboss.server.data.dir = /home/amiloeel/postfuck/rhsso-keyclock/keycloak-15.0.2/standalone/data
	jboss.server.deploy.dir = /home/amiloeel/postfuck/rhsso-keyclock/keycloak-15.0.2/standalone/data/content
	jboss.server.log.dir = /home/amiloeel/postfuck/rhsso-keyclock/keycloak-15.0.2/standalone/log
	jboss.server.name = fedora
	jboss.server.persist.config = true
	jboss.server.temp.dir = /home/amiloeel/postfuck/rhsso-keyclock/keycloak-15.0.2/standalone/tmp
	jdk.debug = release
	line.separator = 

	logging.configuration = file:/home/amiloeel/postfuck/rhsso-keyclock/keycloak-15.0.2/standalone/configuration/logging.properties
	module.path = /home/amiloeel/postfuck/rhsso-keyclock/keycloak-15.0.2/modules
	org.jboss.boot.log.file = /home/amiloeel/postfuck/rhsso-keyclock/keycloak-15.0.2/standalone/log/server.log
	org.jboss.resolver.warning = true
	os.arch = amd64
	os.name = Linux
	os.version = 5.14.18-300.fc35.x86_64
	path.separator = :
	sun.arch.data.model = 64
	sun.boot.library.path = /usr/lib/jvm/java-11-openjdk-11.0.13.0.8-2.fc35.x86_64/lib
	sun.cpu.endian = little
	sun.cpu.isalist = 
	sun.io.unicode.encoding = UnicodeLittle
	sun.java.command = /home/amiloeel/postfuck/rhsso-keyclock/keycloak-15.0.2/jboss-modules.jar -mp /home/amiloeel/postfuck/rhsso-keyclock/keycloak-15.0.2/modules org.jboss.as.standalone -Djboss.home.dir=/home/amiloeel/postfuck/rhsso-keyclock/keycloak-15.0.2 -Djboss.server.base.dir=/home/amiloeel/postfuck/rhsso-keyclock/keycloak-15.0.2/standalone
	sun.java.launcher = SUN_STANDARD
	sun.jnu.encoding = UTF-8
	sun.management.compiler = HotSpot 64-Bit Tiered Compilers
	sun.os.patch.level = unknown
	user.country = BR
	user.dir = /home/amiloeel/postfuck/rhsso-keyclock/keycloak-15.0.2
	user.home = /root
	user.language = pt
	user.name = root
	user.timezone = America/Recife
2021-11-24 17:18:14,868 DEBUG [org.jboss.as.config] (MSC service thread 1-1) VM Arguments: -D[Standalone] -Xms64m -Xmx512m -XX:MetaspaceSize=96M -XX:MaxMetaspaceSize=256m -Djava.net.preferIPv4Stack=true -Djboss.modules.system.pkgs=org.jboss.byteman -Djava.awt.headless=true --add-exports=java.base/sun.nio.ch=ALL-UNNAMED --add-exports=jdk.unsupported/sun.misc=ALL-UNNAMED --add-exports=jdk.unsupported/sun.reflect=ALL-UNNAMED -Dorg.jboss.boot.log.file=/home/amiloeel/postfuck/rhsso-keyclock/keycloak-15.0.2/standalone/log/server.log -Dlogging.configuration=file:/home/amiloeel/postfuck/rhsso-keyclock/keycloak-15.0.2/standalone/configuration/logging.properties 
2021-11-24 17:18:15,690 INFO  [org.wildfly.security] (ServerService Thread Pool -- 5) ELY00001: WildFly Elytron version 1.15.3.Final
2021-11-24 17:18:16,065 INFO  [org.jboss.as.controller.management-deprecated] (ServerService Thread Pool -- 17) WFLYCTL0033: Extension 'security' is deprecated and may not be supported in future versions
2021-11-24 17:18:16,347 INFO  [org.jboss.as.controller.management-deprecated] (Controller Boot Thread) WFLYCTL0028: Attribute 'security-realm' in the resource at address '/core-service=management/management-interface=http-interface' is deprecated, and may be removed in a future version. See the attribute description in the output of the read-resource-description operation to learn more about the deprecation.
2021-11-24 17:18:16,385 INFO  [org.jboss.as.controller.management-deprecated] (ServerService Thread Pool -- 26) WFLYCTL0028: Attribute 'security-realm' in the resource at address '/subsystem=undertow/server=default-server/https-listener=https' is deprecated, and may be removed in a future version. See the attribute description in the output of the read-resource-description operation to learn more about the deprecation.
2021-11-24 17:18:16,548 INFO  [org.jboss.as.server] (Controller Boot Thread) WFLYSRV0039: Creating http management service using socket-binding (management-http)
2021-11-24 17:18:16,565 INFO  [org.xnio] (MSC service thread 1-3) XNIO version 3.8.4.Final
2021-11-24 17:18:16,574 INFO  [org.xnio.nio] (MSC service thread 1-3) XNIO NIO Implementation Version 3.8.4.Final
2021-11-24 17:18:16,634 INFO  [org.jboss.remoting] (MSC service thread 1-4) JBoss Remoting version 5.0.20.Final
2021-11-24 17:18:16,650 INFO  [org.jboss.as.clustering.infinispan] (ServerService Thread Pool -- 37) WFLYCLINF0001: Activating Infinispan subsystem.
2021-11-24 17:18:16,720 INFO  [org.jboss.as.security] (ServerService Thread Pool -- 49) WFLYSEC0002: Activating Security Subsystem
2021-11-24 17:18:16,718 WARN  [org.jboss.as.txn] (ServerService Thread Pool -- 51) WFLYTX0013: The node-identifier attribute on the /subsystem=transactions is set to the default value. This is a danger for environments running multiple servers. Please make sure the attribute value is unique.
2021-11-24 17:18:16,719 INFO  [org.jboss.as.jaxrs] (ServerService Thread Pool -- 39) WFLYRS0016: RESTEasy version 3.15.1.Final
2021-11-24 17:18:16,751 INFO  [org.wildfly.extension.metrics] (ServerService Thread Pool -- 45) WFLYMETRICS0001: Activating Base Metrics Subsystem
2021-11-24 17:18:16,752 INFO  [org.jboss.as.naming] (ServerService Thread Pool -- 46) WFLYNAM0001: Activating Naming Subsystem
2021-11-24 17:18:16,759 INFO  [org.wildfly.extension.undertow] (MSC service thread 1-6) WFLYUT0003: Undertow 2.2.5.Final starting
2021-11-24 17:18:16,745 INFO  [org.jboss.as.connector] (MSC service thread 1-4) WFLYJCA0009: Starting Jakarta Connectors Subsystem (WildFly/IronJacamar 1.4.27.Final)
2021-11-24 17:18:16,749 INFO  [org.jboss.as.security] (MSC service thread 1-5) WFLYSEC0001: Current PicketBox version=5.0.3.Final-redhat-00007
2021-11-24 17:18:16,733 INFO  [org.wildfly.extension.io] (ServerService Thread Pool -- 38) WFLYIO001: Worker 'default' has auto-configured to 8 IO threads with 64 max task threads based on your 4 available processors
2021-11-24 17:18:16,765 INFO  [org.jboss.as.connector.subsystems.datasources] (ServerService Thread Pool -- 31) WFLYJCA0004: Deploying JDBC-compliant driver class org.h2.Driver (version 1.4)
2021-11-24 17:18:16,822 INFO  [org.wildfly.extension.health] (ServerService Thread Pool -- 36) WFLYHEALTH0001: Activating Base Health Subsystem
2021-11-24 17:18:16,824 INFO  [org.jboss.as.connector.deployers.jdbc] (MSC service thread 1-3) WFLYJCA0018: Started Driver service with driver-name = h2
2021-11-24 17:18:16,864 INFO  [org.jboss.as.naming] (MSC service thread 1-8) WFLYNAM0003: Starting Naming Service
2021-11-24 17:18:16,920 INFO  [org.jboss.as.mail.extension] (MSC service thread 1-3) WFLYMAIL0001: Bound mail session [java:jboss/mail/Default]
2021-11-24 17:18:16,982 WARN  [org.wildfly.clustering.web.undertow] (ServerService Thread Pool -- 52) WFLYCLWEBUT0007: No routing provider found for default-server; using legacy provider based on static configuration
2021-11-24 17:18:17,095 INFO  [org.jboss.as.ejb3] (MSC service thread 1-6) WFLYEJB0482: Strict pool mdb-strict-max-pool is using a max instance size of 16 (per class), which is derived from the number of CPUs on this host.
2021-11-24 17:18:17,095 INFO  [org.jboss.as.ejb3] (MSC service thread 1-1) WFLYEJB0481: Strict pool slsb-strict-max-pool is using a max instance size of 64 (per class), which is derived from thread worker pool sizing.
2021-11-24 17:18:17,145 INFO  [org.wildfly.extension.undertow] (ServerService Thread Pool -- 52) WFLYUT0014: Creating file handler for path '/home/amiloeel/postfuck/rhsso-keyclock/keycloak-15.0.2/welcome-content' with options [directory-listing: 'false', follow-symlink: 'false', case-sensitive: 'true', safe-symlink-paths: '[]']
2021-11-24 17:18:17,165 INFO  [org.wildfly.extension.undertow] (MSC service thread 1-8) WFLYUT0012: Started server default-server.
2021-11-24 17:18:17,167 INFO  [org.wildfly.extension.undertow] (MSC service thread 1-6) Queuing requests.
2021-11-24 17:18:17,168 INFO  [org.wildfly.extension.undertow] (MSC service thread 1-6) WFLYUT0018: Host default-host starting
2021-11-24 17:18:17,332 INFO  [org.wildfly.extension.undertow] (MSC service thread 1-1) WFLYUT0006: Undertow HTTP listener default listening on 127.0.0.1:8080
2021-11-24 17:18:17,466 INFO  [org.jboss.as.ejb3] (MSC service thread 1-3) WFLYEJB0493: Jakarta Enterprise Beans subsystem suspension complete
2021-11-24 17:18:17,619 INFO  [org.jboss.as.connector.subsystems.datasources] (MSC service thread 1-7) WFLYJCA0001: Bound data source [java:jboss/datasources/ExampleDS]
2021-11-24 17:18:17,626 INFO  [org.jboss.as.connector.subsystems.datasources] (MSC service thread 1-1) WFLYJCA0001: Bound data source [java:jboss/datasources/KeycloakDS]
2021-11-24 17:18:17,689 INFO  [org.jboss.as.patching] (MSC service thread 1-2) WFLYPAT0050: Keycloak cumulative patch ID is: base, one-off patches include: none
